<?xml version="1.0" encoding="UTF-8"?>
<!-- Generated by org.testng.reporters.JUnitXMLReporter -->
<testsuite ignored="0" hostname="LAPTOP-N926GS71" failures="0" tests="4" name="Default test" time="1.471" errors="0" timestamp="2022-08-22T17:56:17 IST">
  <testcase classname="com.bridgelabz.DB_Automation_Testing.DB_Test" name="getTableData" time="0.147"/>
  <testcase classname="com.bridgelabz.DB_Automation_Testing.DB_Test" name="insertData" time="0.132"/>
  <testcase classname="com.bridgelabz.DB_Automation_Testing.DB_Test" name="updateTableData" time="0.096"/>
  <testcase classname="com.bridgelabz.DB_Automation_Testing.DB_Test" name="deleteTaleData" time="0.099"/>
</testsuite> <!-- Default test -->
